2025-09-24 08:49:26 INFO  LoginFeature:47 - Browser launched
2025-09-24 08:49:29 INFO  LoginFeature:50 - Navigated to flipkart home page
2025-09-24 08:49:29 INFO  LoginFeature:18 - Current URL: https://www.flipkart.com/
2025-09-24 08:49:30 INFO  LoginFeature:57 - Browser closed
2025-09-24 08:49:32 INFO  LoginFeature:47 - Browser launched
2025-09-24 08:49:36 INFO  LoginFeature:50 - Navigated to flipkart home page
2025-09-24 08:49:36 INFO  LoginFeature:28 - Page Title: Online Shopping Site for Mobiles, Electronics, Furniture, Grocery, Lifestyle, Books & More. Best Offers!
2025-09-24 08:49:37 INFO  LoginFeature:57 - Browser closed
2025-09-24 08:52:38 INFO  LoginFeature:47 - Browser launched
2025-09-24 08:52:42 INFO  LoginFeature:50 - Navigated to flipkart home page
2025-09-24 08:52:42 INFO  LoginFeature:18 - Current URL: https://www.flipkart.com/
2025-09-24 08:52:44 INFO  LoginFeature:57 - Browser closed
2025-09-24 08:52:46 INFO  LoginFeature:47 - Browser launched
2025-09-24 08:52:49 INFO  LoginFeature:50 - Navigated to flipkart home page
2025-09-24 08:52:49 INFO  LoginFeature:29 - Page Title: Online Shopping Site for Mobiles, Electronics, Furniture, Grocery, Lifestyle, Books & More. Best Offers!
2025-09-24 08:52:50 INFO  LoginFeature:57 - Browser closed
2025-09-24 08:55:04 INFO  LoginFeature:47 - Browser launched
2025-09-24 08:55:07 INFO  LoginFeature:50 - Navigated to flipkart home page
2025-09-24 08:55:07 INFO  LoginFeature:18 - Current URL: https://www.flipkart.com/
2025-09-24 08:55:07 INFO  LoginFeature:23 - ✅ Current URL is correct.
2025-09-24 08:55:09 INFO  LoginFeature:57 - Browser closed
2025-09-24 08:55:11 INFO  LoginFeature:47 - Browser launched
2025-09-24 08:55:14 INFO  LoginFeature:50 - Navigated to flipkart home page
2025-09-24 08:55:14 INFO  LoginFeature:33 - Page Title: Online Shopping Site for Mobiles, Electronics, Furniture, Grocery, Lifestyle, Books & More. Best Offers!
2025-09-24 08:55:15 INFO  LoginFeature:57 - Browser closed
2025-09-24 09:17:39 INFO  LoginFeature:47 - Browser launched
2025-09-24 09:17:42 INFO  LoginFeature:50 - Navigated to flipkart home page
2025-09-24 09:17:42 INFO  LoginFeature:13 - Current URL: https://www.flipkart.com/
2025-09-24 09:17:42 INFO  LoginFeature:18 - ✅ Current URL is correct.
2025-09-24 09:17:44 INFO  LoginFeature:57 - Browser closed
2025-09-24 09:17:46 INFO  LoginFeature:47 - Browser launched
2025-09-24 09:17:50 INFO  LoginFeature:50 - Navigated to flipkart home page
2025-09-24 09:17:50 INFO  LoginFeature:28 - Page Title: Online Shopping Site for Mobiles, Electronics, Furniture, Grocery, Lifestyle, Books & More. Best Offers!
2025-09-24 09:17:51 INFO  LoginFeature:57 - Browser closed
